{"id":"log_20260228221902_81542","timestamp":80342820,"location":"uf_Search.cls:txtFilter_KeyUp","message":"txtFilter_KeyUp entry","data":{"event":"txtFilter_KeyUp","keyCode":18},"sessionId":"debug-session","runId":"pre-fix","hypothesisId":"H4"}
{"id":"log_20260228221902_73256","timestamp":80342820,"location":"uf_Search.cls:GetCurrentFilterText","message":"GetCurrentFilterText result","data":{"textErr":0,"filterLen":0},"sessionId":"debug-session","runId":"pre-fix","hypothesisId":"H1"}
{"id":"log_20260228221902_51230","timestamp":80342820,"location":"uf_Search.cls:PerformSearch","message":"PerformSearch after GetSearchSQL","data":{"bSilent":true,"sqlLen":117,"hasSQL":true},"sessionId":"debug-session","runId":"pre-fix","hypothesisId":"H2"}
{"id":"log_20260228221902_17309","timestamp":80342828,"location":"uf_Search.cls:PerformSearch","message":"PerformSearch after Requery","data":{"listCount":27},"sessionId":"debug-session","runId":"pre-fix","hypothesisId":"H3"}
{"id":"log_20260228221902_39398","timestamp":80342844,"location":"uf_Search.cls:txtFilter_KeyUp","message":"txtFilter_KeyUp entry","data":{"event":"txtFilter_KeyUp","keyCode":16},"sessionId":"debug-session","runId":"pre-fix","hypothesisId":"H4"}
{"id":"log_20260228221902_21645","timestamp":80342844,"location":"uf_Search.cls:GetCurrentFilterText","message":"GetCurrentFilterText result","data":{"textErr":0,"filterLen":0},"sessionId":"debug-session","runId":"pre-fix","hypothesisId":"H1"}
{"id":"log_20260228221902_48348","timestamp":80342844,"location":"uf_Search.cls:PerformSearch","message":"PerformSearch after GetSearchSQL","data":{"bSilent":true,"sqlLen":117,"hasSQL":true},"sessionId":"debug-session","runId":"pre-fix","hypothesisId":"H2"}
{"id":"log_20260228221902_94796","timestamp":80342852,"location":"uf_Search.cls:PerformSearch","message":"PerformSearch after Requery","data":{"listCount":27},"sessionId":"debug-session","runId":"pre-fix","hypothesisId":"H3"}
{"id":"log_20260228221903_61225","timestamp":80343219,"location":"uf_Search.cls:txtFilter_Change","message":"txtFilter_Change entry","data":{"event":"txtFilter_Change"},"sessionId":"debug-session","runId":"pre-fix","hypothesisId":"H4"}
{"id":"log_20260228221903_60561","timestamp":80343219,"location":"uf_Search.cls:GetCurrentFilterText","message":"GetCurrentFilterText result","data":{"textErr":0,"filterLen":1},"sessionId":"debug-session","runId":"pre-fix","hypothesisId":"H1"}
{"id":"log_20260228221903_35994","timestamp":80343219,"location":"uf_Search.cls:PerformSearch","message":"PerformSearch after GetSearchSQL","data":{"bSilent":true,"sqlLen":0,"hasSQL":false},"sessionId":"debug-session","runId":"pre-fix","hypothesisId":"H2"}
{"id":"log_20260228221903_96939","timestamp":80343281,"location":"uf_Search.cls:txtFilter_Change","message":"txtFilter_Change entry","data":{"event":"txtFilter_Change"},"sessionId":"debug-session","runId":"pre-fix","hypothesisId":"H4"}
{"id":"log_20260228221903_49277","timestamp":80343281,"location":"uf_Search.cls:GetCurrentFilterText","message":"GetCurrentFilterText result","data":{"textErr":0,"filterLen":2},"sessionId":"debug-session","runId":"pre-fix","hypothesisId":"H1"}
{"id":"log_20260228221903_92262","timestamp":80343281,"location":"uf_Search.cls:PerformSearch","message":"PerformSearch after GetSearchSQL","data":{"bSilent":true,"sqlLen":291,"hasSQL":true},"sessionId":"debug-session","runId":"pre-fix","hypothesisId":"H2"}
{"id":"log_20260228221903_42982","timestamp":80343289,"location":"uf_Search.cls:PerformSearch","message":"PerformSearch after Requery","data":{"listCount":3},"sessionId":"debug-session","runId":"pre-fix","hypothesisId":"H3"}
{"id":"log_20260228221903_23610","timestamp":80343305,"location":"uf_Search.cls:txtFilter_KeyUp","message":"txtFilter_KeyUp entry","data":{"event":"txtFilter_KeyUp","keyCode":66},"sessionId":"debug-session","runId":"pre-fix","hypothesisId":"H4"}
{"id":"log_20260228221903_87957","timestamp":80343305,"location":"uf_Search.cls:GetCurrentFilterText","message":"GetCurrentFilterText result","data":{"textErr":0,"filterLen":2},"sessionId":"debug-session","runId":"pre-fix","hypothesisId":"H1"}
{"id":"log_20260228221903_21474","timestamp":80343305,"location":"uf_Search.cls:PerformSearch","message":"PerformSearch after GetSearchSQL","data":{"bSilent":true,"sqlLen":291,"hasSQL":true},"sessionId":"debug-session","runId":"pre-fix","hypothesisId":"H2"}
{"id":"log_20260228221903_8461","timestamp":80343312,"location":"uf_Search.cls:PerformSearch","message":"PerformSearch after Requery","data":{"listCount":3},"sessionId":"debug-session","runId":"pre-fix","hypothesisId":"H3"}
{"id":"log_20260228221903_56995","timestamp":80343391,"location":"uf_Search.cls:txtFilter_Change","message":"txtFilter_Change entry","data":{"event":"txtFilter_Change"},"sessionId":"debug-session","runId":"pre-fix","hypothesisId":"H4"}
{"id":"log_20260228221903_33350","timestamp":80343398,"location":"uf_Search.cls:GetCurrentFilterText","message":"GetCurrentFilterText result","data":{"textErr":0,"filterLen":3},"sessionId":"debug-session","runId":"pre-fix","hypothesisId":"H1"}
{"id":"log_20260228221903_10515","timestamp":80343398,"location":"uf_Search.cls:PerformSearch","message":"PerformSearch after GetSearchSQL","data":{"bSilent":true,"sqlLen":296,"hasSQL":true},"sessionId":"debug-session","runId":"pre-fix","hypothesisId":"H2"}
{"id":"log_20260228221903_19673","timestamp":80343406,"location":"uf_Search.cls:PerformSearch","message":"PerformSearch after Requery","data":{"listCount":3},"sessionId":"debug-session","runId":"pre-fix","hypothesisId":"H3"}
{"id":"log_20260228221903_22018","timestamp":80343477,"location":"uf_Search.cls:txtFilter_KeyUp","message":"txtFilter_KeyUp entry","data":{"event":"txtFilter_KeyUp","keyCode":68},"sessionId":"debug-session","runId":"pre-fix","hypothesisId":"H4"}
{"id":"log_20260228221903_57267","timestamp":80343477,"location":"uf_Search.cls:GetCurrentFilterText","message":"GetCurrentFilterText result","data":{"textErr":0,"filterLen":3},"sessionId":"debug-session","runId":"pre-fix","hypothesisId":"H1"}
{"id":"log_20260228221903_51522","timestamp":80343477,"location":"uf_Search.cls:PerformSearch","message":"PerformSearch after GetSearchSQL","data":{"bSilent":true,"sqlLen":296,"hasSQL":true},"sessionId":"debug-session","runId":"pre-fix","hypothesisId":"H2"}
{"id":"log_20260228221903_21873","timestamp":80343484,"location":"uf_Search.cls:PerformSearch","message":"PerformSearch after Requery","data":{"listCount":3},"sessionId":"debug-session","runId":"pre-fix","hypothesisId":"H3"}
{"id":"log_20260228221903_83968","timestamp":80343523,"location":"uf_Search.cls:txtFilter_KeyUp","message":"txtFilter_KeyUp entry","data":{"event":"txtFilter_KeyUp","keyCode":70},"sessionId":"debug-session","runId":"pre-fix","hypothesisId":"H4"}
{"id":"log_20260228221903_31225","timestamp":80343523,"location":"uf_Search.cls:GetCurrentFilterText","message":"GetCurrentFilterText result","data":{"textErr":0,"filterLen":3},"sessionId":"debug-session","runId":"pre-fix","hypothesisId":"H1"}
{"id":"log_20260228221903_42570","timestamp":80343523,"location":"uf_Search.cls:PerformSearch","message":"PerformSearch after GetSearchSQL","data":{"bSilent":true,"sqlLen":296,"hasSQL":true},"sessionId":"debug-session","runId":"pre-fix","hypothesisId":"H2"}
{"id":"log_20260228221903_75745","timestamp":80343539,"location":"uf_Search.cls:PerformSearch","message":"PerformSearch after Requery","data":{"listCount":3},"sessionId":"debug-session","runId":"pre-fix","hypothesisId":"H3"}
{"id":"log_20260228221903_34228","timestamp":80343719,"location":"uf_Search.cls:txtFilter_Change","message":"txtFilter_Change entry","data":{"event":"txtFilter_Change"},"sessionId":"debug-session","runId":"pre-fix","hypothesisId":"H4"}
{"id":"log_20260228221903_40378","timestamp":80343719,"location":"uf_Search.cls:GetCurrentFilterText","message":"GetCurrentFilterText result","data":{"textErr":0,"filterLen":4},"sessionId":"debug-session","runId":"pre-fix","hypothesisId":"H1"}
{"id":"log_20260228221903_68813","timestamp":80343719,"location":"uf_Search.cls:PerformSearch","message":"PerformSearch after GetSearchSQL","data":{"bSilent":true,"sqlLen":301,"hasSQL":true},"sessionId":"debug-session","runId":"pre-fix","hypothesisId":"H2"}
{"id":"log_20260228221903_36624","timestamp":80343727,"location":"uf_Search.cls:PerformSearch","message":"PerformSearch after Requery","data":{"listCount":3},"sessionId":"debug-session","runId":"pre-fix","hypothesisId":"H3"}
{"id":"log_20260228221903_26667","timestamp":80343789,"location":"uf_Search.cls:txtFilter_KeyUp","message":"txtFilter_KeyUp entry","data":{"event":"txtFilter_KeyUp","keyCode":89},"sessionId":"debug-session","runId":"pre-fix","hypothesisId":"H4"}
{"id":"log_20260228221903_44825","timestamp":80343789,"location":"uf_Search.cls:GetCurrentFilterText","message":"GetCurrentFilterText result","data":{"textErr":0,"filterLen":4},"sessionId":"debug-session","runId":"pre-fix","hypothesisId":"H1"}
{"id":"log_20260228221903_63793","timestamp":80343789,"location":"uf_Search.cls:PerformSearch","message":"PerformSearch after GetSearchSQL","data":{"bSilent":true,"sqlLen":301,"hasSQL":true},"sessionId":"debug-session","runId":"pre-fix","hypothesisId":"H2"}
{"id":"log_20260228221903_6891","timestamp":80343805,"location":"uf_Search.cls:PerformSearch","message":"PerformSearch after Requery","data":{"listCount":3},"sessionId":"debug-session","runId":"pre-fix","hypothesisId":"H3"}
{"id":"log_20260228221903_52670","timestamp":80343938,"location":"uf_Search.cls:txtFilter_Change","message":"txtFilter_Change entry","data":{"event":"txtFilter_Change"},"sessionId":"debug-session","runId":"pre-fix","hypothesisId":"H4"}
{"id":"log_20260228221903_82836","timestamp":80343938,"location":"uf_Search.cls:GetCurrentFilterText","message":"GetCurrentFilterText result","data":{"textErr":0,"filterLen":5},"sessionId":"debug-session","runId":"pre-fix","hypothesisId":"H1"}
{"id":"log_20260228221903_18894","timestamp":80343938,"location":"uf_Search.cls:PerformSearch","message":"PerformSearch after GetSearchSQL","data":{"bSilent":true,"sqlLen":306,"hasSQL":true},"sessionId":"debug-session","runId":"pre-fix","hypothesisId":"H2"}
{"id":"log_20260228221903_84164","timestamp":80343945,"location":"uf_Search.cls:PerformSearch","message":"PerformSearch after Requery","data":{"listCount":3},"sessionId":"debug-session","runId":"pre-fix","hypothesisId":"H3"}
{"id":"log_20260228221904_36117","timestamp":80344016,"location":"uf_Search.cls:txtFilter_KeyUp","message":"txtFilter_KeyUp entry","data":{"event":"txtFilter_KeyUp","keyCode":74},"sessionId":"debug-session","runId":"pre-fix","hypothesisId":"H4"}
{"id":"log_20260228221904_25177","timestamp":80344016,"location":"uf_Search.cls:GetCurrentFilterText","message":"GetCurrentFilterText result","data":{"textErr":0,"filterLen":5},"sessionId":"debug-session","runId":"pre-fix","hypothesisId":"H1"}
{"id":"log_20260228221904_4882","timestamp":80344016,"location":"uf_Search.cls:PerformSearch","message":"PerformSearch after GetSearchSQL","data":{"bSilent":true,"sqlLen":306,"hasSQL":true},"sessionId":"debug-session","runId":"pre-fix","hypothesisId":"H2"}
{"id":"log_20260228221904_6418","timestamp":80344031,"location":"uf_Search.cls:PerformSearch","message":"PerformSearch after Requery","data":{"listCount":3},"sessionId":"debug-session","runId":"pre-fix","hypothesisId":"H3"}
{"id":"log_20260228221904_23768","timestamp":80344031,"location":"uf_Search.cls:txtFilter_Change","message":"txtFilter_Change entry","data":{"event":"txtFilter_Change"},"sessionId":"debug-session","runId":"pre-fix","hypothesisId":"H4"}
{"id":"log_20260228221904_24836","timestamp":80344031,"location":"uf_Search.cls:GetCurrentFilterText","message":"GetCurrentFilterText result","data":{"textErr":0,"filterLen":6},"sessionId":"debug-session","runId":"pre-fix","hypothesisId":"H1"}
{"id":"log_20260228221904_21631","timestamp":80344031,"location":"uf_Search.cls:PerformSearch","message":"PerformSearch after GetSearchSQL","data":{"bSilent":true,"sqlLen":311,"hasSQL":true},"sessionId":"debug-session","runId":"pre-fix","hypothesisId":"H2"}
{"id":"log_20260228221904_57802","timestamp":80344039,"location":"uf_Search.cls:PerformSearch","message":"PerformSearch after Requery","data":{"listCount":3},"sessionId":"debug-session","runId":"pre-fix","hypothesisId":"H3"}
{"id":"log_20260228221904_43057","timestamp":80344109,"location":"uf_Search.cls:txtFilter_KeyUp","message":"txtFilter_KeyUp entry","data":{"event":"txtFilter_KeyUp","keyCode":68},"sessionId":"debug-session","runId":"pre-fix","hypothesisId":"H4"}
{"id":"log_20260228221904_29576","timestamp":80344109,"location":"uf_Search.cls:GetCurrentFilterText","message":"GetCurrentFilterText result","data":{"textErr":0,"filterLen":6},"sessionId":"debug-session","runId":"pre-fix","hypothesisId":"H1"}
{"id":"log_20260228221904_43462","timestamp":80344109,"location":"uf_Search.cls:PerformSearch","message":"PerformSearch after GetSearchSQL","data":{"bSilent":true,"sqlLen":311,"hasSQL":true},"sessionId":"debug-session","runId":"pre-fix","hypothesisId":"H2"}
{"id":"log_20260228221904_28363","timestamp":80344117,"location":"uf_Search.cls:PerformSearch","message":"PerformSearch after Requery","data":{"listCount":3},"sessionId":"debug-session","runId":"pre-fix","hypothesisId":"H3"}
{"id":"log_20260228222832_12777","timestamp":80912477,"location":"uf_Search.cls:txtFilter_Change","message":"txtFilter_Change entry","data":{"event":"txtFilter_Change"},"sessionId":"debug-session","runId":"pre-fix","hypothesisId":"H4"}
{"id":"log_20260228222832_4491","timestamp":80912477,"location":"uf_Search.cls:GetCurrentFilterText","message":"GetCurrentFilterText result","data":{"textErr":0,"filterLen":1},"sessionId":"debug-session","runId":"pre-fix","hypothesisId":"H1"}
{"id":"log_20260228222832_82465","timestamp":80912477,"location":"uf_Search.cls:PerformSearch","message":"PerformSearch after GetSearchSQL","data":{"bSilent":true,"sqlLen":0,"hasSQL":false},"sessionId":"debug-session","runId":"pre-fix","hypothesisId":"H2"}
{"id":"log_20260228222832_76440","timestamp":80912562,"location":"uf_Search.cls:txtFilter_KeyUp","message":"txtFilter_KeyUp entry","data":{"event":"txtFilter_KeyUp","keyCode":66},"sessionId":"debug-session","runId":"pre-fix","hypothesisId":"H4"}
{"id":"log_20260228222832_57877","timestamp":80912562,"location":"uf_Search.cls:GetCurrentFilterText","message":"GetCurrentFilterText result","data":{"textErr":0,"filterLen":1},"sessionId":"debug-session","runId":"pre-fix","hypothesisId":"H1"}
{"id":"log_20260228222832_40123","timestamp":80912562,"location":"uf_Search.cls:PerformSearch","message":"PerformSearch after GetSearchSQL","data":{"bSilent":true,"sqlLen":0,"hasSQL":false},"sessionId":"debug-session","runId":"pre-fix","hypothesisId":"H2"}
{"id":"log_20260228222832_80921","timestamp":80912633,"location":"uf_Search.cls:txtFilter_Change","message":"txtFilter_Change entry","data":{"event":"txtFilter_Change"},"sessionId":"debug-session","runId":"pre-fix","hypothesisId":"H4"}
{"id":"log_20260228222832_21137","timestamp":80912641,"location":"uf_Search.cls:GetCurrentFilterText","message":"GetCurrentFilterText result","data":{"textErr":0,"filterLen":2},"sessionId":"debug-session","runId":"pre-fix","hypothesisId":"H1"}
{"id":"log_20260228222832_88025","timestamp":80912641,"location":"uf_Search.cls:PerformSearch","message":"PerformSearch after GetSearchSQL","data":{"bSilent":true,"sqlLen":291,"hasSQL":true},"sessionId":"debug-session","runId":"pre-fix","hypothesisId":"H2"}
{"id":"log_20260228222832_13919","timestamp":80912648,"location":"uf_Search.cls:PerformSearch","message":"PerformSearch after Requery","data":{"listCount":3},"sessionId":"debug-session","runId":"pre-fix","hypothesisId":"H3"}
{"id":"log_20260228222832_23773","timestamp":80912727,"location":"uf_Search.cls:txtFilter_Change","message":"txtFilter_Change entry","data":{"event":"txtFilter_Change"},"sessionId":"debug-session","runId":"pre-fix","hypothesisId":"H4"}
{"id":"log_20260228222832_97474","timestamp":80912727,"location":"uf_Search.cls:GetCurrentFilterText","message":"GetCurrentFilterText result","data":{"textErr":0,"filterLen":3},"sessionId":"debug-session","runId":"pre-fix","hypothesisId":"H1"}
{"id":"log_20260228222832_49813","timestamp":80912727,"location":"uf_Search.cls:PerformSearch","message":"PerformSearch after GetSearchSQL","data":{"bSilent":true,"sqlLen":296,"hasSQL":true},"sessionId":"debug-session","runId":"pre-fix","hypothesisId":"H2"}
{"id":"log_20260228222832_39681","timestamp":80912742,"location":"uf_Search.cls:PerformSearch","message":"PerformSearch after Requery","data":{"listCount":3},"sessionId":"debug-session","runId":"pre-fix","hypothesisId":"H3"}
{"id":"log_20260228222832_77645","timestamp":80912781,"location":"uf_Search.cls:txtFilter_KeyUp","message":"txtFilter_KeyUp entry","data":{"event":"txtFilter_KeyUp","keyCode":68},"sessionId":"debug-session","runId":"pre-fix","hypothesisId":"H4"}
{"id":"log_20260228222832_5158","timestamp":80912781,"location":"uf_Search.cls:GetCurrentFilterText","message":"GetCurrentFilterText result","data":{"textErr":0,"filterLen":3},"sessionId":"debug-session","runId":"pre-fix","hypothesisId":"H1"}
{"id":"log_20260228222832_69505","timestamp":80912781,"location":"uf_Search.cls:PerformSearch","message":"PerformSearch after GetSearchSQL","data":{"bSilent":true,"sqlLen":296,"hasSQL":true},"sessionId":"debug-session","runId":"pre-fix","hypothesisId":"H2"}
{"id":"log_20260228222832_49906","timestamp":80912797,"location":"uf_Search.cls:PerformSearch","message":"PerformSearch after Requery","data":{"listCount":3},"sessionId":"debug-session","runId":"pre-fix","hypothesisId":"H3"}
{"id":"log_20260228222832_57219","timestamp":80912875,"location":"uf_Search.cls:txtFilter_KeyUp","message":"txtFilter_KeyUp entry","data":{"event":"txtFilter_KeyUp","keyCode":70},"sessionId":"debug-session","runId":"pre-fix","hypothesisId":"H4"}
{"id":"log_20260228222832_65100","timestamp":80912875,"location":"uf_Search.cls:GetCurrentFilterText","message":"GetCurrentFilterText result","data":{"textErr":0,"filterLen":3},"sessionId":"debug-session","runId":"pre-fix","hypothesisId":"H1"}
{"id":"log_20260228222832_14898","timestamp":80912875,"location":"uf_Search.cls:PerformSearch","message":"PerformSearch after GetSearchSQL","data":{"bSilent":true,"sqlLen":296,"hasSQL":true},"sessionId":"debug-session","runId":"pre-fix","hypothesisId":"H2"}
{"id":"log_20260228222832_18620","timestamp":80912883,"location":"uf_Search.cls:PerformSearch","message":"PerformSearch after Requery","data":{"listCount":3},"sessionId":"debug-session","runId":"pre-fix","hypothesisId":"H3"}
{"id":"log_20260228222832_34011","timestamp":80912891,"location":"uf_Search.cls:txtFilter_Change","message":"txtFilter_Change entry","data":{"event":"txtFilter_Change"},"sessionId":"debug-session","runId":"pre-fix","hypothesisId":"H4"}
{"id":"log_20260228222832_22261","timestamp":80912891,"location":"uf_Search.cls:GetCurrentFilterText","message":"GetCurrentFilterText result","data":{"textErr":0,"filterLen":4},"sessionId":"debug-session","runId":"pre-fix","hypothesisId":"H1"}
{"id":"log_20260228222832_57509","timestamp":80912891,"location":"uf_Search.cls:PerformSearch","message":"PerformSearch after GetSearchSQL","data":{"bSilent":true,"sqlLen":301,"hasSQL":true},"sessionId":"debug-session","runId":"pre-fix","hypothesisId":"H2"}
{"id":"log_20260228222832_78322","timestamp":80912898,"location":"uf_Search.cls:PerformSearch","message":"PerformSearch after Requery","data":{"listCount":3},"sessionId":"debug-session","runId":"pre-fix","hypothesisId":"H3"}
{"id":"log_20260228222832_62768","timestamp":80912945,"location":"uf_Search.cls:txtFilter_KeyUp","message":"txtFilter_KeyUp entry","data":{"event":"txtFilter_KeyUp","keyCode":89},"sessionId":"debug-session","runId":"pre-fix","hypothesisId":"H4"}
{"id":"log_20260228222832_4830","timestamp":80912945,"location":"uf_Search.cls:GetCurrentFilterText","message":"GetCurrentFilterText result","data":{"textErr":0,"filterLen":4},"sessionId":"debug-session","runId":"pre-fix","hypothesisId":"H1"}
{"id":"log_20260228222832_52087","timestamp":80912945,"location":"uf_Search.cls:PerformSearch","message":"PerformSearch after GetSearchSQL","data":{"bSilent":true,"sqlLen":301,"hasSQL":true},"sessionId":"debug-session","runId":"pre-fix","hypothesisId":"H2"}
{"id":"log_20260228222832_83758","timestamp":80912953,"location":"uf_Search.cls:PerformSearch","message":"PerformSearch after Requery","data":{"listCount":3},"sessionId":"debug-session","runId":"pre-fix","hypothesisId":"H3"}
{"id":"log_20260228222833_78791","timestamp":80913086,"location":"uf_Search.cls:txtFilter_Change","message":"txtFilter_Change entry","data":{"event":"txtFilter_Change"},"sessionId":"debug-session","runId":"pre-fix","hypothesisId":"H4"}
{"id":"log_20260228222833_1222","timestamp":80913086,"location":"uf_Search.cls:GetCurrentFilterText","message":"GetCurrentFilterText result","data":{"textErr":0,"filterLen":5},"sessionId":"debug-session","runId":"pre-fix","hypothesisId":"H1"}
{"id":"log_20260228222833_7372","timestamp":80913086,"location":"uf_Search.cls:PerformSearch","message":"PerformSearch after GetSearchSQL","data":{"bSilent":true,"sqlLen":306,"hasSQL":true},"sessionId":"debug-session","runId":"pre-fix","hypothesisId":"H2"}
{"id":"log_20260228222833_82691","timestamp":80913102,"location":"uf_Search.cls:PerformSearch","message":"PerformSearch after Requery","data":{"listCount":3},"sessionId":"debug-session","runId":"pre-fix","hypothesisId":"H3"}
{"id":"log_20260228222833_31806","timestamp":80913172,"location":"uf_Search.cls:txtFilter_Change","message":"txtFilter_Change entry","data":{"event":"txtFilter_Change"},"sessionId":"debug-session","runId":"pre-fix","hypothesisId":"H4"}
{"id":"log_20260228222833_34606","timestamp":80913172,"location":"uf_Search.cls:GetCurrentFilterText","message":"GetCurrentFilterText result","data":{"textErr":0,"filterLen":6},"sessionId":"debug-session","runId":"pre-fix","hypothesisId":"H1"}
{"id":"log_20260228222833_52765","timestamp":80913172,"location":"uf_Search.cls:PerformSearch","message":"PerformSearch after GetSearchSQL","data":{"bSilent":true,"sqlLen":311,"hasSQL":true},"sessionId":"debug-session","runId":"pre-fix","hypothesisId":"H2"}
{"id":"log_20260228222833_98290","timestamp":80913180,"location":"uf_Search.cls:PerformSearch","message":"PerformSearch after Requery","data":{"listCount":3},"sessionId":"debug-session","runId":"pre-fix","hypothesisId":"H3"}
{"id":"log_20260228222833_88272","timestamp":80913180,"location":"uf_Search.cls:txtFilter_KeyUp","message":"txtFilter_KeyUp entry","data":{"event":"txtFilter_KeyUp","keyCode":74},"sessionId":"debug-session","runId":"pre-fix","hypothesisId":"H4"}
{"id":"log_20260228222833_44883","timestamp":80913180,"location":"uf_Search.cls:GetCurrentFilterText","message":"GetCurrentFilterText result","data":{"textErr":0,"filterLen":6},"sessionId":"debug-session","runId":"pre-fix","hypothesisId":"H1"}
{"id":"log_20260228222833_75050","timestamp":80913180,"location":"uf_Search.cls:PerformSearch","message":"PerformSearch after GetSearchSQL","data":{"bSilent":true,"sqlLen":311,"hasSQL":true},"sessionId":"debug-session","runId":"pre-fix","hypothesisId":"H2"}
{"id":"log_20260228222833_57991","timestamp":80913195,"location":"uf_Search.cls:PerformSearch","message":"PerformSearch after Requery","data":{"listCount":3},"sessionId":"debug-session","runId":"pre-fix","hypothesisId":"H3"}
{"id":"log_20260228222833_37356","timestamp":80913242,"location":"uf_Search.cls:txtFilter_KeyUp","message":"txtFilter_KeyUp entry","data":{"event":"txtFilter_KeyUp","keyCode":68},"sessionId":"debug-session","runId":"pre-fix","hypothesisId":"H4"}
{"id":"log_20260228222833_74336","timestamp":80913242,"location":"uf_Search.cls:GetCurrentFilterText","message":"GetCurrentFilterText result","data":{"textErr":0,"filterLen":6},"sessionId":"debug-session","runId":"pre-fix","hypothesisId":"H1"}
{"id":"log_20260228222833_63396","timestamp":80913242,"location":"uf_Search.cls:PerformSearch","message":"PerformSearch after GetSearchSQL","data":{"bSilent":true,"sqlLen":311,"hasSQL":true},"sessionId":"debug-session","runId":"pre-fix","hypothesisId":"H2"}
{"id":"log_20260228222833_63134","timestamp":80913250,"location":"uf_Search.cls:PerformSearch","message":"PerformSearch after Requery","data":{"listCount":3},"sessionId":"debug-session","runId":"pre-fix","hypothesisId":"H3"}
{"id":"log_20260301025330_96921","timestamp":10410158,"location":"uf_Search.cls:txtFilter_Change","message":"txtFilter_Change entry","data":{"event":"txtFilter_Change"},"sessionId":"debug-session","runId":"pre-fix","hypothesisId":"H4"}
{"id":"log_20260301025330_88635","timestamp":10410158,"location":"uf_Search.cls:GetCurrentFilterText","message":"GetCurrentFilterText result","data":{"textErr":0,"filterLen":1},"sessionId":"debug-session","runId":"pre-fix","hypothesisId":"H1"}
{"id":"log_20260301025330_66609","timestamp":10410158,"location":"uf_Search.cls:PerformSearch","message":"PerformSearch after GetSearchSQL","data":{"bSilent":true,"sqlLen":0,"hasSQL":false},"sessionId":"debug-session","runId":"pre-fix","hypothesisId":"H2"}
{"id":"log_20260301025330_77648","timestamp":10410230,"location":"uf_Search.cls:txtFilter_KeyUp","message":"txtFilter_KeyUp entry","data":{"event":"txtFilter_KeyUp","keyCode":66},"sessionId":"debug-session","runId":"pre-fix","hypothesisId":"H4"}
{"id":"log_20260301025330_59085","timestamp":10410230,"location":"uf_Search.cls:GetCurrentFilterText","message":"GetCurrentFilterText result","data":{"textErr":0,"filterLen":1},"sessionId":"debug-session","runId":"pre-fix","hypothesisId":"H1"}
{"id":"log_20260301025330_41332","timestamp":10410230,"location":"uf_Search.cls:PerformSearch","message":"PerformSearch after GetSearchSQL","data":{"bSilent":true,"sqlLen":0,"hasSQL":false},"sessionId":"debug-session","runId":"pre-fix","hypothesisId":"H2"}
{"id":"log_20260301025330_87482","timestamp":10410415,"location":"uf_Search.cls:txtFilter_Change","message":"txtFilter_Change entry","data":{"event":"txtFilter_Change"},"sessionId":"debug-session","runId":"pre-fix","hypothesisId":"H4"}
{"id":"log_20260301025330_7372","timestamp":10410415,"location":"uf_Search.cls:GetCurrentFilterText","message":"GetCurrentFilterText result","data":{"textErr":0,"filterLen":2},"sessionId":"debug-session","runId":"pre-fix","hypothesisId":"H1"}
{"id":"log_20260301025330_74260","timestamp":10410415,"location":"uf_Search.cls:PerformSearch","message":"PerformSearch after GetSearchSQL","data":{"bSilent":true,"sqlLen":291,"hasSQL":true},"sessionId":"debug-session","runId":"pre-fix","hypothesisId":"H2"}
{"id":"log_20260301025330_32944","timestamp":10410425,"location":"uf_Search.cls:PerformSearch","message":"PerformSearch after Requery","data":{"listCount":0},"sessionId":"debug-session","runId":"pre-fix","hypothesisId":"H3"}
{"id":"log_20260301025330_43637","timestamp":10410507,"location":"uf_Search.cls:txtFilter_Change","message":"txtFilter_Change entry","data":{"event":"txtFilter_Change"},"sessionId":"debug-session","runId":"pre-fix","hypothesisId":"H4"}
{"id":"log_20260301025330_17338","timestamp":10410507,"location":"uf_Search.cls:GetCurrentFilterText","message":"GetCurrentFilterText result","data":{"textErr":0,"filterLen":3},"sessionId":"debug-session","runId":"pre-fix","hypothesisId":"H1"}
{"id":"log_20260301025330_69677","timestamp":10410507,"location":"uf_Search.cls:PerformSearch","message":"PerformSearch after GetSearchSQL","data":{"bSilent":true,"sqlLen":296,"hasSQL":true},"sessionId":"debug-session","runId":"pre-fix","hypothesisId":"H2"}
{"id":"log_20260301025330_4798","timestamp":10410518,"location":"uf_Search.cls:PerformSearch","message":"PerformSearch after Requery","data":{"listCount":0},"sessionId":"debug-session","runId":"pre-fix","hypothesisId":"H3"}
{"id":"log_20260301025330_9973","timestamp":10410568,"location":"uf_Search.cls:txtFilter_Change","message":"txtFilter_Change entry","data":{"event":"txtFilter_Change"},"sessionId":"debug-session","runId":"pre-fix","hypothesisId":"H4"}
{"id":"log_20260301025330_37485","timestamp":10410568,"location":"uf_Search.cls:GetCurrentFilterText","message":"GetCurrentFilterText result","data":{"textErr":0,"filterLen":2},"sessionId":"debug-session","runId":"pre-fix","hypothesisId":"H1"}
{"id":"log_20260301025330_1832","timestamp":10410568,"location":"uf_Search.cls:PerformSearch","message":"PerformSearch after GetSearchSQL","data":{"bSilent":true,"sqlLen":291,"hasSQL":true},"sessionId":"debug-session","runId":"pre-fix","hypothesisId":"H2"}
{"id":"log_20260301025330_33718","timestamp":10410579,"location":"uf_Search.cls:PerformSearch","message":"PerformSearch after Requery","data":{"listCount":0},"sessionId":"debug-session","runId":"pre-fix","hypothesisId":"H3"}
{"id":"log_20260301025330_6610","timestamp":10410579,"location":"uf_Search.cls:txtFilter_KeyUp","message":"txtFilter_KeyUp entry","data":{"event":"txtFilter_KeyUp","keyCode":8},"sessionId":"debug-session","runId":"pre-fix","hypothesisId":"H4"}
{"id":"log_20260301025330_14491","timestamp":10410579,"location":"uf_Search.cls:GetCurrentFilterText","message":"GetCurrentFilterText result","data":{"textErr":0,"filterLen":2},"sessionId":"debug-session","runId":"pre-fix","hypothesisId":"H1"}
{"id":"log_20260301025330_64289","timestamp":10410579,"location":"uf_Search.cls:PerformSearch","message":"PerformSearch after GetSearchSQL","data":{"bSilent":true,"sqlLen":291,"hasSQL":true},"sessionId":"debug-session","runId":"pre-fix","hypothesisId":"H2"}
{"id":"log_20260301025330_93231","timestamp":10410600,"location":"uf_Search.cls:PerformSearch","message":"PerformSearch after Requery","data":{"listCount":0},"sessionId":"debug-session","runId":"pre-fix","hypothesisId":"H3"}
{"id":"log_20260301025330_88295","timestamp":10410600,"location":"uf_Search.cls:txtFilter_Change","message":"txtFilter_Change entry","data":{"event":"txtFilter_Change"},"sessionId":"debug-session","runId":"pre-fix","hypothesisId":"H4"}
{"id":"log_20260301025330_76546","timestamp":10410600,"location":"uf_Search.cls:GetCurrentFilterText","message":"GetCurrentFilterText result","data":{"textErr":0,"filterLen":1},"sessionId":"debug-session","runId":"pre-fix","hypothesisId":"H1"}
{"id":"log_20260301025330_11794","timestamp":10410600,"location":"uf_Search.cls:PerformSearch","message":"PerformSearch after GetSearchSQL","data":{"bSilent":true,"sqlLen":0,"hasSQL":false},"sessionId":"debug-session","runId":"pre-fix","hypothesisId":"H2"}
{"id":"log_20260301025330_24744","timestamp":10410611,"location":"uf_Search.cls:txtFilter_KeyUp","message":"txtFilter_KeyUp entry","data":{"event":"txtFilter_KeyUp","keyCode":8},"sessionId":"debug-session","runId":"pre-fix","hypothesisId":"H4"}
{"id":"log_20260301025330_68537","timestamp":10410611,"location":"uf_Search.cls:GetCurrentFilterText","message":"GetCurrentFilterText result","data":{"textErr":0,"filterLen":1},"sessionId":"debug-session","runId":"pre-fix","hypothesisId":"H1"}
{"id":"log_20260301025330_10599","timestamp":10410611,"location":"uf_Search.cls:PerformSearch","message":"PerformSearch after GetSearchSQL","data":{"bSilent":true,"sqlLen":0,"hasSQL":false},"sessionId":"debug-session","runId":"pre-fix","hypothesisId":"H2"}
{"id":"log_20260301025330_57856","timestamp":10410611,"location":"uf_Search.cls:txtFilter_Change","message":"txtFilter_Change entry","data":{"event":"txtFilter_Change"},"sessionId":"debug-session","runId":"pre-fix","hypothesisId":"H4"}
{"id":"log_20260301025330_69201","timestamp":10410611,"location":"uf_Search.cls:GetCurrentFilterText","message":"GetCurrentFilterText result","data":{"textErr":0,"filterLen":0},"sessionId":"debug-session","runId":"pre-fix","hypothesisId":"H1"}
{"id":"log_20260301025330_61724","timestamp":10410611,"location":"uf_Search.cls:PerformSearch","message":"PerformSearch after GetSearchSQL","data":{"bSilent":true,"sqlLen":117,"hasSQL":true},"sessionId":"debug-session","runId":"pre-fix","hypothesisId":"H2"}
{"id":"log_20260301025330_61905","timestamp":10410625,"location":"uf_Search.cls:PerformSearch","message":"PerformSearch after Requery","data":{"listCount":27},"sessionId":"debug-session","runId":"pre-fix","hypothesisId":"H3"}
{"id":"log_20260301025330_7076","timestamp":10410634,"location":"uf_Search.cls:txtFilter_KeyUp","message":"txtFilter_KeyUp entry","data":{"event":"txtFilter_KeyUp","keyCode":8},"sessionId":"debug-session","runId":"pre-fix","hypothesisId":"H4"}
{"id":"log_20260301025330_35511","timestamp":10410634,"location":"uf_Search.cls:GetCurrentFilterText","message":"GetCurrentFilterText result","data":{"textErr":0,"filterLen":0},"sessionId":"debug-session","runId":"pre-fix","hypothesisId":"H1"}
{"id":"log_20260301025330_76763","timestamp":10410634,"location":"uf_Search.cls:PerformSearch","message":"PerformSearch after GetSearchSQL","data":{"bSilent":true,"sqlLen":117,"hasSQL":true},"sessionId":"debug-session","runId":"pre-fix","hypothesisId":"H2"}
{"id":"log_20260301025330_12353","timestamp":10410643,"location":"uf_Search.cls:PerformSearch","message":"PerformSearch after Requery","data":{"listCount":27},"sessionId":"debug-session","runId":"pre-fix","hypothesisId":"H3"}
{"id":"log_20260301025330_47868","timestamp":10410665,"location":"uf_Search.cls:txtFilter_KeyUp","message":"txtFilter_KeyUp entry","data":{"event":"txtFilter_KeyUp","keyCode":16},"sessionId":"debug-session","runId":"pre-fix","hypothesisId":"H4"}
{"id":"log_20260301025330_66835","timestamp":10410665,"location":"uf_Search.cls:GetCurrentFilterText","message":"GetCurrentFilterText result","data":{"textErr":0,"filterLen":0},"sessionId":"debug-session","runId":"pre-fix","hypothesisId":"H1"}
{"id":"log_20260301025330_56818","timestamp":10410665,"location":"uf_Search.cls:PerformSearch","message":"PerformSearch after GetSearchSQL","data":{"bSilent":true,"sqlLen":117,"hasSQL":true},"sessionId":"debug-session","runId":"pre-fix","hypothesisId":"H2"}
{"id":"log_20260301025330_5566","timestamp":10410676,"location":"uf_Search.cls:PerformSearch","message":"PerformSearch after Requery","data":{"listCount":27},"sessionId":"debug-session","runId":"pre-fix","hypothesisId":"H3"}
{"id":"log_20260301025330_1019","timestamp":10410689,"location":"uf_Search.cls:txtFilter_KeyUp","message":"txtFilter_KeyUp entry","data":{"event":"txtFilter_KeyUp","keyCode":18},"sessionId":"debug-session","runId":"pre-fix","hypothesisId":"H4"}
{"id":"log_20260301025330_37076","timestamp":10410689,"location":"uf_Search.cls:GetCurrentFilterText","message":"GetCurrentFilterText result","data":{"textErr":0,"filterLen":0},"sessionId":"debug-session","runId":"pre-fix","hypothesisId":"H1"}
{"id":"log_20260301025330_75788","timestamp":10410689,"location":"uf_Search.cls:PerformSearch","message":"PerformSearch after GetSearchSQL","data":{"bSilent":true,"sqlLen":117,"hasSQL":true},"sessionId":"debug-session","runId":"pre-fix","hypothesisId":"H2"}
{"id":"log_20260301025330_70485","timestamp":10410710,"location":"uf_Search.cls:PerformSearch","message":"PerformSearch after Requery","data":{"listCount":27},"sessionId":"debug-session","runId":"pre-fix","hypothesisId":"H3"}
{"id":"log_20260301025330_59544","timestamp":10410710,"location":"uf_Search.cls:txtFilter_KeyUp","message":"txtFilter_KeyUp entry","data":{"event":"txtFilter_KeyUp","keyCode":16},"sessionId":"debug-session","runId":"pre-fix","hypothesisId":"H4"}
{"id":"log_20260301025330_39250","timestamp":10410710,"location":"uf_Search.cls:GetCurrentFilterText","message":"GetCurrentFilterText result","data":{"textErr":0,"filterLen":0},"sessionId":"debug-session","runId":"pre-fix","hypothesisId":"H1"}
{"id":"log_20260301025330_133","timestamp":10410710,"location":"uf_Search.cls:PerformSearch","message":"PerformSearch after GetSearchSQL","data":{"bSilent":true,"sqlLen":117,"hasSQL":true},"sessionId":"debug-session","runId":"pre-fix","hypothesisId":"H2"}
{"id":"log_20260301025330_87955","timestamp":10410734,"location":"uf_Search.cls:PerformSearch","message":"PerformSearch after Requery","data":{"listCount":27},"sessionId":"debug-session","runId":"pre-fix","hypothesisId":"H3"}
{"id":"log_20260301025330_1487","timestamp":10410742,"location":"uf_Search.cls:txtFilter_KeyUp","message":"txtFilter_KeyUp entry","data":{"event":"txtFilter_KeyUp","keyCode":18},"sessionId":"debug-session","runId":"pre-fix","hypothesisId":"H4"}
{"id":"log_20260301025330_98282","timestamp":10410742,"location":"uf_Search.cls:GetCurrentFilterText","message":"GetCurrentFilterText result","data":{"textErr":0,"filterLen":0},"sessionId":"debug-session","runId":"pre-fix","hypothesisId":"H1"}
{"id":"log_20260301025330_7896","timestamp":10410742,"location":"uf_Search.cls:PerformSearch","message":"PerformSearch after GetSearchSQL","data":{"bSilent":true,"sqlLen":117,"hasSQL":true},"sessionId":"debug-session","runId":"pre-fix","hypothesisId":"H2"}
{"id":"log_20260301025330_83364","timestamp":10410765,"location":"uf_Search.cls:PerformSearch","message":"PerformSearch after Requery","data":{"listCount":27},"sessionId":"debug-session","runId":"pre-fix","hypothesisId":"H3"}
{"id":"log_20260301025330_49556","timestamp":10410768,"location":"uf_Search.cls:txtFilter_KeyUp","message":"txtFilter_KeyUp entry","data":{"event":"txtFilter_KeyUp","keyCode":17},"sessionId":"debug-session","runId":"pre-fix","hypothesisId":"H4"}
{"id":"log_20260301025330_63442","timestamp":10410768,"location":"uf_Search.cls:GetCurrentFilterText","message":"GetCurrentFilterText result","data":{"textErr":0,"filterLen":0},"sessionId":"debug-session","runId":"pre-fix","hypothesisId":"H1"}
{"id":"log_20260301025330_21785","timestamp":10410768,"location":"uf_Search.cls:PerformSearch","message":"PerformSearch after GetSearchSQL","data":{"bSilent":true,"sqlLen":117,"hasSQL":true},"sessionId":"debug-session","runId":"pre-fix","hypothesisId":"H2"}
{"id":"log_20260301025330_31323","timestamp":10410785,"location":"uf_Search.cls:PerformSearch","message":"PerformSearch after Requery","data":{"listCount":27},"sessionId":"debug-session","runId":"pre-fix","hypothesisId":"H3"}
{"id":"log_20260301025330_29851","timestamp":10410785,"location":"uf_Search.cls:txtFilter_KeyUp","message":"txtFilter_KeyUp entry","data":{"event":"txtFilter_KeyUp","keyCode":16},"sessionId":"debug-session","runId":"pre-fix","hypothesisId":"H4"}
{"id":"log_20260301025330_60827","timestamp":10410785,"location":"uf_Search.cls:GetCurrentFilterText","message":"GetCurrentFilterText result","data":{"textErr":0,"filterLen":0},"sessionId":"debug-session","runId":"pre-fix","hypothesisId":"H1"}
{"id":"log_20260301025330_67899","timestamp":10410785,"location":"uf_Search.cls:PerformSearch","message":"PerformSearch after GetSearchSQL","data":{"bSilent":true,"sqlLen":117,"hasSQL":true},"sessionId":"debug-session","runId":"pre-fix","hypothesisId":"H2"}
{"id":"log_20260301025330_30956","timestamp":10410806,"location":"uf_Search.cls:PerformSearch","message":"PerformSearch after Requery","data":{"listCount":27},"sessionId":"debug-session","runId":"pre-fix","hypothesisId":"H3"}
{"id":"log_20260301025330_33336","timestamp":10410817,"location":"uf_Search.cls:txtFilter_KeyUp","message":"txtFilter_KeyUp entry","data":{"event":"txtFilter_KeyUp","keyCode":18},"sessionId":"debug-session","runId":"pre-fix","hypothesisId":"H4"}
{"id":"log_20260301025330_81402","timestamp":10410817,"location":"uf_Search.cls:GetCurrentFilterText","message":"GetCurrentFilterText result","data":{"textErr":0,"filterLen":0},"sessionId":"debug-session","runId":"pre-fix","hypothesisId":"H1"}
{"id":"log_20260301025330_10646","timestamp":10410817,"location":"uf_Search.cls:PerformSearch","message":"PerformSearch after GetSearchSQL","data":{"bSilent":true,"sqlLen":117,"hasSQL":true},"sessionId":"debug-session","runId":"pre-fix","hypothesisId":"H2"}
{"id":"log_20260301025330_68167","timestamp":10410835,"location":"uf_Search.cls:PerformSearch","message":"PerformSearch after Requery","data":{"listCount":27},"sessionId":"debug-session","runId":"pre-fix","hypothesisId":"H3"}
{"id":"log_20260301025330_17269","timestamp":10410838,"location":"uf_Search.cls:txtFilter_Change","message":"txtFilter_Change entry","data":{"event":"txtFilter_Change"},"sessionId":"debug-session","runId":"pre-fix","hypothesisId":"H4"}
{"id":"log_20260301025330_82426","timestamp":10410838,"location":"uf_Search.cls:GetCurrentFilterText","message":"GetCurrentFilterText result","data":{"textErr":0,"filterLen":1},"sessionId":"debug-session","runId":"pre-fix","hypothesisId":"H1"}
{"id":"log_20260301025330_86957","timestamp":10410838,"location":"uf_Search.cls:PerformSearch","message":"PerformSearch after GetSearchSQL","data":{"bSilent":true,"sqlLen":0,"hasSQL":false},"sessionId":"debug-session","runId":"pre-fix","hypothesisId":"H2"}
{"id":"log_20260301025330_26478","timestamp":10410838,"location":"uf_Search.cls:txtFilter_KeyUp","message":"txtFilter_KeyUp entry","data":{"event":"txtFilter_KeyUp","keyCode":231},"sessionId":"debug-session","runId":"pre-fix","hypothesisId":"H4"}
{"id":"log_20260301025330_81357","timestamp":10410838,"location":"uf_Search.cls:GetCurrentFilterText","message":"GetCurrentFilterText result","data":{"textErr":0,"filterLen":1},"sessionId":"debug-session","runId":"pre-fix","hypothesisId":"H1"}
{"id":"log_20260301025330_90162","timestamp":10410838,"location":"uf_Search.cls:PerformSearch","message":"PerformSearch after GetSearchSQL","data":{"bSilent":true,"sqlLen":0,"hasSQL":false},"sessionId":"debug-session","runId":"pre-fix","hypothesisId":"H2"}
{"id":"log_20260301025330_15527","timestamp":10410849,"location":"uf_Search.cls:txtFilter_Change","message":"txtFilter_Change entry","data":{"event":"txtFilter_Change"},"sessionId":"debug-session","runId":"pre-fix","hypothesisId":"H4"}
{"id":"log_20260301025330_35417","timestamp":10410849,"location":"uf_Search.cls:GetCurrentFilterText","message":"GetCurrentFilterText result","data":{"textErr":0,"filterLen":2},"sessionId":"debug-session","runId":"pre-fix","hypothesisId":"H1"}
{"id":"log_20260301025330_75747","timestamp":10410849,"location":"uf_Search.cls:PerformSearch","message":"PerformSearch after GetSearchSQL","data":{"bSilent":true,"sqlLen":291,"hasSQL":true},"sessionId":"debug-session","runId":"pre-fix","hypothesisId":"H2"}
{"id":"log_20260301025330_10","timestamp":10410863,"location":"uf_Search.cls:PerformSearch","message":"PerformSearch after Requery","data":{"listCount":3},"sessionId":"debug-session","runId":"pre-fix","hypothesisId":"H3"}
{"id":"log_20260301025330_87906","timestamp":10410871,"location":"uf_Search.cls:txtFilter_KeyUp","message":"txtFilter_KeyUp entry","data":{"event":"txtFilter_KeyUp","keyCode":231},"sessionId":"debug-session","runId":"pre-fix","hypothesisId":"H4"}
{"id":"log_20260301025330_61607","timestamp":10410871,"location":"uf_Search.cls:GetCurrentFilterText","message":"GetCurrentFilterText result","data":{"textErr":0,"filterLen":2},"sessionId":"debug-session","runId":"pre-fix","hypothesisId":"H1"}
{"id":"log_20260301025330_13946","timestamp":10410871,"location":"uf_Search.cls:PerformSearch","message":"PerformSearch after GetSearchSQL","data":{"bSilent":true,"sqlLen":291,"hasSQL":true},"sessionId":"debug-session","runId":"pre-fix","hypothesisId":"H2"}
{"id":"log_20260301025330_42543","timestamp":10410882,"location":"uf_Search.cls:PerformSearch","message":"PerformSearch after Requery","data":{"listCount":3},"sessionId":"debug-session","runId":"pre-fix","hypothesisId":"H3"}
{"id":"log_20260301025330_11958","timestamp":10410892,"location":"uf_Search.cls:txtFilter_Change","message":"txtFilter_Change entry","data":{"event":"txtFilter_Change"},"sessionId":"debug-session","runId":"pre-fix","hypothesisId":"H4"}
{"id":"log_20260301025330_45702","timestamp":10410895,"location":"uf_Search.cls:GetCurrentFilterText","message":"GetCurrentFilterText result","data":{"textErr":0,"filterLen":3},"sessionId":"debug-session","runId":"pre-fix","hypothesisId":"H1"}
{"id":"log_20260301025330_10049","timestamp":10410895,"location":"uf_Search.cls:PerformSearch","message":"PerformSearch after GetSearchSQL","data":{"bSilent":true,"sqlLen":296,"hasSQL":true},"sessionId":"debug-session","runId":"pre-fix","hypothesisId":"H2"}
{"id":"log_20260301025330_95344","timestamp":10410911,"location":"uf_Search.cls:PerformSearch","message":"PerformSearch after Requery","data":{"listCount":3},"sessionId":"debug-session","runId":"pre-fix","hypothesisId":"H3"}
{"id":"log_20260301025330_15120","timestamp":10410913,"location":"uf_Search.cls:txtFilter_KeyUp","message":"txtFilter_KeyUp entry","data":{"event":"txtFilter_KeyUp","keyCode":231},"sessionId":"debug-session","runId":"pre-fix","hypothesisId":"H4"}
{"id":"log_20260301025330_23001","timestamp":10410913,"location":"uf_Search.cls:GetCurrentFilterText","message":"GetCurrentFilterText result","data":{"textErr":0,"filterLen":3},"sessionId":"debug-session","runId":"pre-fix","hypothesisId":"H1"}
{"id":"log_20260301025330_72799","timestamp":10410913,"location":"uf_Search.cls:PerformSearch","message":"PerformSearch after GetSearchSQL","data":{"bSilent":true,"sqlLen":296,"hasSQL":true},"sessionId":"debug-session","runId":"pre-fix","hypothesisId":"H2"}
{"id":"log_20260301025330_1449","timestamp":10410927,"location":"uf_Search.cls:PerformSearch","message":"PerformSearch after Requery","data":{"listCount":3},"sessionId":"debug-session","runId":"pre-fix","hypothesisId":"H3"}
{"id":"log_20260301025330_23070","timestamp":10410927,"location":"uf_Search.cls:txtFilter_KeyUp","message":"txtFilter_KeyUp entry","data":{"event":"txtFilter_KeyUp","keyCode":68},"sessionId":"debug-session","runId":"pre-fix","hypothesisId":"H4"}
{"id":"log_20260301025330_11321","timestamp":10410927,"location":"uf_Search.cls:GetCurrentFilterText","message":"GetCurrentFilterText result","data":{"textErr":0,"filterLen":3},"sessionId":"debug-session","runId":"pre-fix","hypothesisId":"H1"}
{"id":"log_20260301025330_32475","timestamp":10410934,"location":"uf_Search.cls:PerformSearch","message":"PerformSearch after GetSearchSQL","data":{"bSilent":true,"sqlLen":296,"hasSQL":true},"sessionId":"debug-session","runId":"pre-fix","hypothesisId":"H2"}
{"id":"log_20260301025330_45132","timestamp":10410945,"location":"uf_Search.cls:PerformSearch","message":"PerformSearch after Requery","data":{"listCount":3},"sessionId":"debug-session","runId":"pre-fix","hypothesisId":"H3"}
{"id":"log_20260301025330_88925","timestamp":10410945,"location":"uf_Search.cls:txtFilter_KeyUp","message":"txtFilter_KeyUp entry","data":{"event":"txtFilter_KeyUp","keyCode":70},"sessionId":"debug-session","runId":"pre-fix","hypothesisId":"H4"}
{"id":"log_20260301025330_30987","timestamp":10410945,"location":"uf_Search.cls:GetCurrentFilterText","message":"GetCurrentFilterText result","data":{"textErr":0,"filterLen":3},"sessionId":"debug-session","runId":"pre-fix","hypothesisId":"H1"}
{"id":"log_20260301025330_78244","timestamp":10410945,"location":"uf_Search.cls:PerformSearch","message":"PerformSearch after GetSearchSQL","data":{"bSilent":true,"sqlLen":296,"hasSQL":true},"sessionId":"debug-session","runId":"pre-fix","hypothesisId":"H2"}
{"id":"log_20260301025330_94189","timestamp":10410965,"location":"uf_Search.cls:PerformSearch","message":"PerformSearch after Requery","data":{"listCount":3},"sessionId":"debug-session","runId":"pre-fix","hypothesisId":"H3"}
{"id":"log_20260301025330_86712","timestamp":10410965,"location":"uf_Search.cls:txtFilter_Change","message":"txtFilter_Change entry","data":{"event":"txtFilter_Change"},"sessionId":"debug-session","runId":"pre-fix","hypothesisId":"H4"}
{"id":"log_20260301025330_9143","timestamp":10410965,"location":"uf_Search.cls:GetCurrentFilterText","message":"GetCurrentFilterText result","data":{"textErr":0,"filterLen":4},"sessionId":"debug-session","runId":"pre-fix","hypothesisId":"H1"}
{"id":"log_20260301025330_41851","timestamp":10410965,"location":"uf_Search.cls:PerformSearch","message":"PerformSearch after GetSearchSQL","data":{"bSilent":true,"sqlLen":301,"hasSQL":true},"sessionId":"debug-session","runId":"pre-fix","hypothesisId":"H2"}
{"id":"log_20260301025330_54853","timestamp":10410990,"location":"uf_Search.cls:PerformSearch","message":"PerformSearch after Requery","data":{"listCount":3},"sessionId":"debug-session","runId":"pre-fix","hypothesisId":"H3"}
{"id":"log_20260301025330_96106","timestamp":10410990,"location":"uf_Search.cls:txtFilter_KeyUp","message":"txtFilter_KeyUp entry","data":{"event":"txtFilter_KeyUp","keyCode":89},"sessionId":"debug-session","runId":"pre-fix","hypothesisId":"H4"}
{"id":"log_20260301025330_72348","timestamp":10410990,"location":"uf_Search.cls:GetCurrentFilterText","message":"GetCurrentFilterText result","data":{"textErr":0,"filterLen":4},"sessionId":"debug-session","runId":"pre-fix","hypothesisId":"H1"}
{"id":"log_20260301025330_90506","timestamp":10410990,"location":"uf_Search.cls:PerformSearch","message":"PerformSearch after GetSearchSQL","data":{"bSilent":true,"sqlLen":301,"hasSQL":true},"sessionId":"debug-session","runId":"pre-fix","hypothesisId":"H2"}
{"id":"log_20260301025331_91910","timestamp":10411007,"location":"uf_Search.cls:PerformSearch","message":"PerformSearch after Requery","data":{"listCount":3},"sessionId":"debug-session","runId":"pre-fix","hypothesisId":"H3"}
{"id":"log_20260301025331_81893","timestamp":10411007,"location":"uf_Search.cls:txtFilter_Change","message":"txtFilter_Change entry","data":{"event":"txtFilter_Change"},"sessionId":"debug-session","runId":"pre-fix","hypothesisId":"H4"}
{"id":"log_20260301025331_38504","timestamp":10411007,"location":"uf_Search.cls:GetCurrentFilterText","message":"GetCurrentFilterText result","data":{"textErr":0,"filterLen":5},"sessionId":"debug-session","runId":"pre-fix","hypothesisId":"H1"}
{"id":"log_20260301025331_42113","timestamp":10411007,"location":"uf_Search.cls:PerformSearch","message":"PerformSearch after GetSearchSQL","data":{"bSilent":true,"sqlLen":306,"hasSQL":true},"sessionId":"debug-session","runId":"pre-fix","hypothesisId":"H2"}
{"id":"log_20260301025331_68676","timestamp":10411027,"location":"uf_Search.cls:PerformSearch","message":"PerformSearch after Requery","data":{"listCount":3},"sessionId":"debug-session","runId":"pre-fix","hypothesisId":"H3"}
{"id":"log_20260301025331_7388","timestamp":10411027,"location":"uf_Search.cls:txtFilter_Change","message":"txtFilter_Change entry","data":{"event":"txtFilter_Change"},"sessionId":"debug-session","runId":"pre-fix","hypothesisId":"H4"}
{"id":"log_20260301025331_17810","timestamp":10411027,"location":"uf_Search.cls:GetCurrentFilterText","message":"GetCurrentFilterText result","data":{"textErr":0,"filterLen":6},"sessionId":"debug-session","runId":"pre-fix","hypothesisId":"H1"}
{"id":"log_20260301025331_46184","timestamp":10411035,"location":"uf_Search.cls:PerformSearch","message":"PerformSearch after GetSearchSQL","data":{"bSilent":true,"sqlLen":311,"hasSQL":true},"sessionId":"debug-session","runId":"pre-fix","hypothesisId":"H2"}
{"id":"log_20260301025331_71142","timestamp":10411048,"location":"uf_Search.cls:PerformSearch","message":"PerformSearch after Requery","data":{"listCount":3},"sessionId":"debug-session","runId":"pre-fix","hypothesisId":"H3"}
{"id":"log_20260301025331_58584","timestamp":10411053,"location":"uf_Search.cls:txtFilter_KeyUp","message":"txtFilter_KeyUp entry","data":{"event":"txtFilter_KeyUp","keyCode":74},"sessionId":"debug-session","runId":"pre-fix","hypothesisId":"H4"}
{"id":"log_20260301025331_75933","timestamp":10411053,"location":"uf_Search.cls:GetCurrentFilterText","message":"GetCurrentFilterText result","data":{"textErr":0,"filterLen":6},"sessionId":"debug-session","runId":"pre-fix","hypothesisId":"H1"}
{"id":"log_20260301025331_77001","timestamp":10411053,"location":"uf_Search.cls:PerformSearch","message":"PerformSearch after GetSearchSQL","data":{"bSilent":true,"sqlLen":311,"hasSQL":true},"sessionId":"debug-session","runId":"pre-fix","hypothesisId":"H2"}
{"id":"log_20260301025331_90568","timestamp":10411075,"location":"uf_Search.cls:PerformSearch","message":"PerformSearch after Requery","data":{"listCount":3},"sessionId":"debug-session","runId":"pre-fix","hypothesisId":"H3"}
{"id":"log_20260301025331_79855","timestamp":10411078,"location":"uf_Search.cls:txtFilter_KeyUp","message":"txtFilter_KeyUp entry","data":{"event":"txtFilter_KeyUp","keyCode":68},"sessionId":"debug-session","runId":"pre-fix","hypothesisId":"H4"}
{"id":"log_20260301025331_24457","timestamp":10411078,"location":"uf_Search.cls:GetCurrentFilterText","message":"GetCurrentFilterText result","data":{"textErr":0,"filterLen":6},"sessionId":"debug-session","runId":"pre-fix","hypothesisId":"H1"}
{"id":"log_20260301025331_37534","timestamp":10411078,"location":"uf_Search.cls:PerformSearch","message":"PerformSearch after GetSearchSQL","data":{"bSilent":true,"sqlLen":311,"hasSQL":true},"sessionId":"debug-session","runId":"pre-fix","hypothesisId":"H2"}
{"id":"log_20260301025331_37325","timestamp":10411089,"location":"uf_Search.cls:PerformSearch","message":"PerformSearch after Requery","data":{"listCount":3},"sessionId":"debug-session","runId":"pre-fix","hypothesisId":"H3"}
