-------------------------------------
Beginning build from Source
StaffState.accdb
VCS Version 4.1.2
Full Path: C:\Users\Nachfin\Desktop\Projets\StaffState\StaffState.accdb
Export Folder: C:\Users\Nachfin\Desktop\Projets\StaffState\StaffState.accdb.src\
26.02.2026 0:37:58
-------------------------------------
Saving backup of original database...
Saved as StaffState_VCSBackup11.accdb.
Created blank database for import. (v12)
Removing non built-in references...
  Removed DAO
  Removed stdole
Scanning source files...
No db connections source files found.
No vbe forms source files found.
No proj properties source files found.
No saved specs source files found.
No commandbars source files found.
No shared images source files found.
No imex specs source files found.
No queries source files found.
No macros source files found.
No reports source files found.
No table data source files found.
No table data macros source files found.
No relations source files found.
No hidden attributes source files found.
-------------------------------------
-------------------------------------
Importing project...          
  project.json
[1]
-------------------------------------
Importing vb project...       
  vbe-project.json
[1]
-------------------------------------
Importing vbe references...   
  vbe-references.json
[1]
-------------------------------------
Importing modules...          
  mod_Analysis_Logic.bas
  mod_App_Init.bas
  mod_App_Logger.bas
  mod_Export_Logic.bas
  mod_Fix_Startup.bas
  mod_Import_Logic.bas
  mod_Maintenance_Logic.bas
  mod_Reports_Logic.bas
  mod_Schema_Manager.bas
  mod_Test_P19.bas
  mod_UI_Helpers.bas
[11]
-------------------------------------
Importing themes...           
  Тема Office.thmx
[1]
-------------------------------------
Importing db properties...    
  dbs-properties.json
[1]
-------------------------------------
Importing tables...           
  tbl_History_Log.xml
  tbl_Import_Buffer.xml
  tbl_Import_Mapping.xml
  tbl_Import_Meta.xml
  tbl_Personnel_Master.xml
  tbl_Settings.xml
  tbl_Validation_Log.xml
[7]
-------------------------------------
Importing forms...            
  uf_Dashboard.bas
  uf_PersonCard.bas
  uf_Search.bas
  uf_Settings.bas
[4]
-------------------------------------
Importing doc properties...   
  documents.json
[1]
-------------------------------------
Importing nav pane groups...  
  nav-pane-groups.json
[1]
-------------------------------------
Done. (0,95 seconds)

--------------------------------------------------
                PERFORMANCE REPORTS
--------------------------------------------------
Category                      Count     Seconds
--------------------------------------------------
Forms                         4         0,15
Modules                       11        0,11
Tables                        7         0,11
DB Properties                 1         0,06
Themes                        1         0,04
Nav Pane Groups               1         0,02
Doc Properties                1         0,01
Project                       1         0,01
VBE References                1         0,01
VB Project                    1         0,01
--------------------------------------------------
TOTALS:                       29        0,51
--------------------------------------------------

--------------------------------------------------
Operations                    Count     Seconds
--------------------------------------------------
Create new database           1         0,18
App.LoadFromText()            4         0,10
Parse JSON ISO Date           63        0,07
Increment Progress            29        0,06
Scan Source Files             1         0,04
Convert to JSON               191       0,04
Get File List                 18        0,03
Import VBE Module             11        0,02
Read File                     27        0,01
Get File Property Hash        29        0,01
Console Updates               3         0,01
modVCSUtility.LoadComponentFr 
omText                        4         0,01
Parse JSON                    8         0,01
Write File                    15        0,01
Get VBA Hash                  15        0,01
Parse VBA Module              11        0,01
Delete File                   25        0,01
Clear References              1         0,01
Create MSysResources Table    1         0,01
Compute SHA256                58        0,00
Get Modified Date             58        0,00
modFileAccess.VerifyPath      24        0,00
Save Stream to File           4         0,00
Read File Bytes               12        0,00
App.SaveAsText()              1         0,00
Write Binary File             1         0,00
Check for linked table        1         0,00
Add GUID References           2         0,00
Enc. utf-8 as utf-16          4         0,00
Load Stream from File         4         0,00
Copy Stream                   4         0,00
modFileAccess.GetUncPath      1         0,00
--------------------------------------------------
Other Operations                        0,30
--------------------------------------------------


